Pass1
Pass2
      1        C100                        ORG $C100
      2
      3                        F048    PIAROM EQU $F048
      4                        8000    END_ADR EQU $8000
      5                        0000    BASE_ADR EQU $0000
      6                        0326    BITMAP3 EQU $0326
      7                        0319    LINE_COUNTER2 EQU $0319
      8                        000E    COLOR_BG    EQU $E
      9
     10                        0800    NB_LINES    EQU $800
     11                        0801    NB_VECTORS  EQU $801
     12                        0802    SCAN_LINE   EQU $802
     13                        0803    COLOR       EQU $803
     14                        0804    CNT         EQU $804
     15                        0805    REG0        EQU $805
     16                        0806    REG1        EQU $806
     17                        0807    TOP_LINE    EQU $807
     18                        0808    LINE_COUNTER EQU $808
     19                        0809    DX          EQU $809
     20                        080A    X_START     EQU $80A
     21                        080B    CMD         EQU $80B
     22                        1000    BITMAP      EQU $1000
     23
     24        C100                    STARTLOADER
     25  3     C100    CE F048             ldu #PIAROM
     26  3     C103    8E 0000             ldx #BASE_ADR
     27        C106                    LOOPCPY
     28  4+0   C106    A6 C4               lda ,U
     29                                *    cmpa #$C2               * Relocate any $C2xx pointer to $00xx
     30                                *    bne STRAIGHTCOPY
     31                                *    lda #$00
     32                                *STRAIGHTCOPY
     33  4+2   C108    A7 80               sta ,X+
     34  4     C10A    8C 8000             cmpx #END_ADR
     35  3     C10D    26 F7               bne LOOPCPY
     36
     37  4     C10F    7E 0000             jmp >$0000
