Pass1
Pass2
      1                        000E    COLOR_BG    EQU $E
      2
      3                        0800    SIZE        EQU $800
      4
      5        0000                        ORG $0000
      6
      7        0000                    WAIT_VIDEO_CHIP
      8  5     0000    B6 F000             LDA $F000
      9  2     0003    84 04               ANDA #4
     10  3     0005    27 F9               BEQ WAIT_VIDEO_CHIP
     11
     12  7     0007    7F F010             CLR $F010
     13  2     000A    86 11               LDA #$11
     14  5     000C    B7 0800             STA SIZE
     15
     16        000F                    WAIT_VIDEO_CHIP2
     17  5     000F    B6 F000             LDA $F000
     18  2     0012    84 04               ANDA #4
     19  3     0014    27 F9               BEQ WAIT_VIDEO_CHIP2
     20
     21        0016                    MAIN_LOOP
     22  8     0016    BD 009F             JSR VBLANK
     23  8     0019    BD 008F             JSR CLEAR_SCREEN
     24  2     001C    86 90               LDA #$90
     25  5     001E    B7 F00B             STA $F00B
     26  3     0021    8E 00CE             LDX #LABEL1
     27  8     0024    BD 00AE             JSR DISPLAY_TEXT
     28  2     0027    86 10               LDA #$10
     29  5     0029    B7 F00B             STA $F00B
     30  3     002C    8E 00D4             LDX #LABEL2
     31  8     002F    BD 00AE             JSR DISPLAY_TEXT
     32
     33        0032                    CHECK_KEYBOARD
     34  5     0032    B6 F046             LDA $F046
     35  2     0035    81 FF               CMPA #$FF
     36  3     0037    27 DD               BEQ MAIN_LOOP
     37
     38  2     0039    81 FE               CMPA #$FE
     39  3     003B    27 34               BEQ KEYBOARD_UP
     40  2     003D    81 7F               CMPA #$7F
     41  3     003F    27 3E               BEQ KEYBOARD_DOWN
     42  2     0041    81 DF               CMPA #$DF
     43  3     0043    27 19               BEQ KEYBOARD_LEFT
     44  2     0045    81 BF               CMPA #$BF
     45  3     0047    27 02               BEQ KEYBOARD_RIGHT
     46  3     0049    20 CB               BRA MAIN_LOOP
     47
     48        004B                    KEYBOARD_RIGHT
     49  5     004B    B6 0800             LDA SIZE
     50  2     004E    84 F0               ANDA #$F0
     51  2     0050    81 F0               CMPA #$F0
     52  3     0052    27 C2               BEQ MAIN_LOOP
     53  5     0054    B6 0800             LDA SIZE
     54  2     0057    8B 10               ADDA #$10
     55  5     0059    B7 0800             STA SIZE
     56  3     005C    20 B8               BRA MAIN_LOOP
     57        005E                    KEYBOARD_LEFT
     58  5     005E    B6 0800             LDA SIZE
     59  2     0061    84 F0               ANDA #$F0
     60  2     0063    81 10               CMPA #$10
     61  3     0065    27 AF               BEQ MAIN_LOOP
     62  5     0067    B6 0800             LDA SIZE
     63  2     006A    80 10               SUBA #$10
     64  5     006C    B7 0800             STA SIZE
     65  3     006F    20 A5               BRA MAIN_LOOP
     66        0071                    KEYBOARD_UP
     67  5     0071    B6 0800             LDA SIZE
     68  2     0074    84 0F               ANDA #$0F
     69  2     0076    81 0F               CMPA #$0F
     70  3     0078    27 9C               BEQ MAIN_LOOP
     71  7     007A    7C 0800             INC SIZE
     72  3     007D    20 97               BRA MAIN_LOOP
     73        007F                    KEYBOARD_DOWN
     74  5     007F    B6 0800             LDA SIZE
     75  2     0082    84 0F               ANDA #$0F
     76  2     0084    81 01               CMPA #$01
     77  3     0086    27 8E               BEQ MAIN_LOOP
     78  7     0088    7A 0800             DEC SIZE
     79  3     008B    20 89               BRA MAIN_LOOP
     80
     81        008D                    END_PRG
     82  3     008D    20 FE               BRA END_PRG
     83
     84                                ********************************************************************************
     85
     86        008F                    CLEAR_SCREEN
     87        008F                    WAIT_VIDEO_CHIP_CS                  * WAIT_EF9365_READY();
     88  5     008F    B6 F000             LDA $F000
     89  2     0092    84 04               ANDA #4
     90  3     0094    27 F9               BEQ WAIT_VIDEO_CHIP_CS
     91
     92  2     0096    C6 04               LDB #$4
     93  4     0098  108E F000             LDY #$F000
     94  4+0   009C    E7 A4           	STB ,Y
     95  5     009E    39                  RTS
     96
     97                                ********************************************************************************
     98
     99        009F                    VBLANK
    100        009F                    WAIT_FOR_VSYNC
    101  5     009F    B6 F000             LDA $F000
    102  2     00A2    84 02               ANDA #$02
    103  3     00A4    27 F9               BEQ WAIT_FOR_VSYNC
    104        00A6                    WAIT_FOR_VBLANK
    105  5     00A6    B6 F000             LDA $F000
    106  2     00A9    84 02               ANDA #$02
    107  3     00AB    26 F9               BNE WAIT_FOR_VBLANK
    108  5     00AD    39                  RTS
    109
    110                                ********************************************************************************
    111
    112        00AE                    DISPLAY_TEXT
    113  2     00AE    86 06               LDA #$6
    114  5     00B0    B7 F010             STA $F010
    115
    116  7     00B3    7F F008             CLR $F008
    117  2     00B6    86 10               LDA #$10
    118  5     00B8    B7 F009             STA $F009
    119  7     00BB    7F F00A             CLR $F00A
    120
    121  5     00BE    B6 0800             LDA SIZE
    122  5     00C1    B7 F003             STA $F003
    123
    124        00C4                    TEXT_LOOP
    125  4+2   00C4    A6 80               LDA ,X+
    126  3     00C6    27 05               BEQ TEXT_END
    127  5     00C8    B7 F000             STA $F000
    128  3     00CB    20 F7               BRA TEXT_LOOP
    129        00CD                    TEXT_END
    130  5     00CD    39                  RTS
    131
    132                                ********************************************************************************
    133        00CE                    LABEL1
    134        00CE   48 65 6C 6C          FCB $48,$65,$6C,$6C,$6F,$00
               00D2   6F 00
    135        00D4                    LABEL2
    136        00D4   57 6F 72 64          FCB $57,$6F,$72,$64,$00
               00D8   00
    137
    138                                ****
    139                                * Couleurs:
    140                                * - 0: blanc
    141                                * - 1: jaune
    142                                * - 2: fuchsia
    143                                * - 3: rouge
    144                                * - 4: turquoise
    145                                * - 5: vert
    146                                * - 6: bleu
    147                                * - 7: noir?
    148                                * - 8: gris
    149                                * - 9: jaune foncé
    150                                * - A: fuchsia fondé
    151                                * - B: rouge foncé
    152                                * - C: turquoise foncé
    153                                * - D: vert foncé
    154                                * - E: bleu foncé
    155                                * - F: noir
